<?xml version="1.0" encoding="UTF-8"?>
<Site BuildName="Linux-g++"
	BuildStamp="20230620-1900-Experimental"
	Name="627cf70a1d98"
	Generator="ctest-3.22.1"
	CompilerName="/usr/bin/g++"
	CompilerVersion="11.3.0"
	OSName="Linux"
	Hostname="627cf70a1d98"
	OSRelease="5.15.90.1-microsoft-standard-WSL2"
	OSVersion="#1 SMP Fri Jan 27 02:56:13 UTC 2023"
	OSPlatform="x86_64"
	Is64Bits="1"
	VendorString="AuthenticAMD"
	VendorID="Advanced Micro Devices"
	FamilyID="23"
	ModelID="113"
	ProcessorCacheSize="512"
	NumberOfLogicalCPU="12"
	NumberOfPhysicalCPU="6"
	TotalVirtualMemory="2048"
	TotalPhysicalMemory="7919"
	LogicalProcessorsPerPhysical="2"
	ProcessorClockFrequency="3800.03"
	>
	<Testing>
		<StartDateTime>Jun 20 19:00 UTC</StartDateTime>
		<StartTestTime>1687287643</StartTestTime>
		<TestList/>
		<EndDateTime>Jun 20 19:00 UTC</EndDateTime>
		<EndTestTime>1687287643</EndTestTime>
		<ElapsedMinutes>0</ElapsedMinutes>
	</Testing>
</Site>
