<?xml version="1.0" encoding="UTF-8"?>
<Site BuildName="Linux-g++"
	BuildStamp="20230616-0026-Experimental"
	Name="be822d32ecd0"
	Generator="ctest-3.22.1"
	CompilerName="/usr/bin/g++"
	CompilerVersion="11.3.0"
	OSName="Linux"
	Hostname="627cf70a1d98"
	OSRelease="5.15.90.1-microsoft-standard-WSL2"
	OSVersion="#1 SMP Fri Jan 27 02:56:13 UTC 2023"
	OSPlatform="x86_64"
	Is64Bits="1"
	VendorString="AuthenticAMD"
	VendorID="Advanced Micro Devices"
	FamilyID="23"
	ModelID="113"
	ProcessorCacheSize="512"
	NumberOfLogicalCPU="12"
	NumberOfPhysicalCPU="6"
	TotalVirtualMemory="2048"
	TotalPhysicalMemory="7919"
	LogicalProcessorsPerPhysical="2"
	ProcessorClockFrequency="3800"
	>
	<Testing>
		<StartDateTime>Jun 16 20:19 UTC</StartDateTime>
		<StartTestTime>1686946774</StartTestTime>
		<TestList>
			<Test>./editor_tests.reemplazar_no_conectivo_por_conectivo</Test>
		</TestList>
		<Test Status="passed">
			<Name>editor_tests.reemplazar_no_conectivo_por_conectivo</Name>
			<Path>.</Path>
			<FullName>./editor_tests.reemplazar_no_conectivo_por_conectivo</FullName>
			<FullCommandLine>/workspaces/TP-TD3/esqueleto/build/editor_tests "--gtest_filter=editor_tests.reemplazar_no_conectivo_por_conectivo" "--gtest_also_run_disabled_tests"</FullCommandLine>
			<Results>
				<NamedMeasurement type="numeric/double" name="Execution Time">
					<Value>0.0325188</Value>
				</NamedMeasurement>
				<NamedMeasurement type="numeric/double" name="Processors">
					<Value>1</Value>
				</NamedMeasurement>
				<NamedMeasurement type="text/string" name="Completion Status">
					<Value>Completed</Value>
				</NamedMeasurement>
				<NamedMeasurement type="text/string" name="Command Line">
					<Value>/workspaces/TP-TD3/esqueleto/build/editor_tests "--gtest_filter=editor_tests.reemplazar_no_conectivo_por_conectivo" "--gtest_also_run_disabled_tests"</Value>
				</NamedMeasurement>
				<NamedMeasurement type="text/string" name="Environment">
					<Value>#CTEST_RESOURCE_GROUP_COUNT=</Value>
				</NamedMeasurement>
				<Measurement>
					<Value encoding="base64" compression="gzip">eJydkE1rwzAMhu/+FTo2h8Qbuw16GHT0UOhKmp1CCK6jBjPHymylhf365aOEdjAo1UmyHsl637RzzrgaGmXcIoKjpwbkmfxXaJXGILNdnK1eJIbvDi0yyUNnbCXLCtsga6K6f8TAcfD6qpRjOWTlsDjRWmyJ8RXWIwJZ34GjsYweloCVYfLlgIfEIzatVT/Kl45KTQ41mxOVbU/MlciXcxSQXjQ8A497Bw2XPHSGMRF5PEcBa0sHZac+upPx5Bp0PYscd+0f+Hrn9Z0ih/RzC2MUDymYZuFj89A8LJ6gCdF9x04wMLGykbjPDUbl44rO7tbr/zwGr1xy+0+vcPe237+vBocmNhG/5PzTaQ==</Value>
				</Measurement>
			</Results>
		</Test>
		<EndDateTime>Jun 16 20:19 UTC</EndDateTime>
		<EndTestTime>1686946774</EndTestTime>
		<ElapsedMinutes>0</ElapsedMinutes>
	</Testing>
</Site>
